app/build/intermediates/manifest_merge_blame_file/debug/manifest-merger-blame-debug-report.txt
1<?xml version="1.0" encoding="utf-8"?>
2<manifest xmlns:android="http://schemas.android.com/apk/res/android"
3    package="com.angee.developdroidmarket"
4    android:versionCode="1"
5    android:versionName="1.0" >
6
7    <uses-sdk
8        android:minSdkVersion="26"
8-->src/main/AndroidManifest.xml
9        android:targetSdkVersion="31" />
9-->src/main/AndroidManifest.xml
10
11    <uses-permission android:name="android.permission.INTERNET" />
11-->src/main/AndroidManifest.xml:5:5-67
11-->src/main/AndroidManifest.xml:5:22-64
12    <uses-permission android:name="android.permission.ACCESS_NETWORK_STATE" />
12-->[com.google.firebase:firebase-auth:21.0.1] AndroidManifest.xml:24:5-79
12-->[com.google.firebase:firebase-auth:21.0.1] AndroidManifest.xml:24:22-76
13    <uses-permission android:name="android.permission.WAKE_LOCK" />
13-->[com.google.android.gms:play-services-measurement-api:20.0.0] AndroidManifest.xml:24:5-68
13-->[com.google.android.gms:play-services-measurement-api:20.0.0] AndroidManifest.xml:24:22-65
14    <uses-permission android:name="com.google.android.finsky.permission.BIND_GET_INSTALL_REFERRER_SERVICE" />
14-->[com.google.android.gms:play-services-measurement:20.0.0] AndroidManifest.xml:26:5-110
14-->[com.google.android.gms:play-services-measurement:20.0.0] AndroidManifest.xml:26:22-107
15
16    <application
16-->src/main/AndroidManifest.xml:7:5-37:19
17        android:allowBackup="true"
17-->src/main/AndroidManifest.xml:8:9-35
18        android:appComponentFactory="androidx.core.app.CoreComponentFactory"
18-->[androidx.core:core:1.7.0] AndroidManifest.xml:24:18-86
19        android:debuggable="true"
20        android:extractNativeLibs="false"
21        android:icon="@mipmap/develop"
21-->src/main/AndroidManifest.xml:9:9-39
22        android:label="@string/app_name"
22-->src/main/AndroidManifest.xml:10:9-41
23        android:roundIcon="@mipmap/develop"
23-->src/main/AndroidManifest.xml:11:9-44
24        android:supportsRtl="true"
24-->src/main/AndroidManifest.xml:12:9-35
25        android:testOnly="true"
26        android:theme="@style/Theme.DevelopDroidMarket" >
26-->src/main/AndroidManifest.xml:13:9-56
27        <activity
27-->src/main/AndroidManifest.xml:16:9-19:74
28            android:name="com.angee.developdroidmarket.HomeActivity"
28-->src/main/AndroidManifest.xml:17:13-41
29            android:exported="false"
29-->src/main/AndroidManifest.xml:18:13-37
30            android:theme="@style/Theme.DevelopDroidMarket.NoActionBar" />
30-->src/main/AndroidManifest.xml:19:13-72
31        <activity
31-->src/main/AndroidManifest.xml:22:9-24:39
32            android:name="com.angee.developdroidmarket.Form"
32-->src/main/AndroidManifest.xml:23:13-33
33            android:exported="true" />
33-->src/main/AndroidManifest.xml:24:13-36
34        <activity
34-->src/main/AndroidManifest.xml:26:9-36:20
35            android:name="com.angee.developdroidmarket.LoginActivity"
35-->src/main/AndroidManifest.xml:27:13-42
36            android:exported="true"
36-->src/main/AndroidManifest.xml:28:13-36
37            android:theme="@style/SplashScreen" >
37-->src/main/AndroidManifest.xml:29:13-48
38            <intent-filter>
38-->src/main/AndroidManifest.xml:31:13-35:29
39                <action android:name="android.intent.action.MAIN" />
39-->src/main/AndroidManifest.xml:32:17-69
39-->src/main/AndroidManifest.xml:32:25-66
40
41                <category android:name="android.intent.category.LAUNCHER" />
41-->src/main/AndroidManifest.xml:34:17-77
41-->src/main/AndroidManifest.xml:34:27-74
42            </intent-filter>
43        </activity>
44        <activity
44-->[com.facebook.android:facebook-common:8.2.0] AndroidManifest.xml:30:9-33:66
45            android:name="com.facebook.FacebookActivity"
45-->[com.facebook.android:facebook-common:8.2.0] AndroidManifest.xml:31:13-57
46            android:configChanges="keyboard|keyboardHidden|screenLayout|screenSize|orientation"
46-->[com.facebook.android:facebook-common:8.2.0] AndroidManifest.xml:32:13-96
47            android:theme="@style/com_facebook_activity_theme" />
47-->[com.facebook.android:facebook-common:8.2.0] AndroidManifest.xml:33:13-63
48        <activity android:name="com.facebook.CustomTabMainActivity" />
48-->[com.facebook.android:facebook-common:8.2.0] AndroidManifest.xml:34:9-71
48-->[com.facebook.android:facebook-common:8.2.0] AndroidManifest.xml:34:19-68
49        <activity
49-->[com.facebook.android:facebook-common:8.2.0] AndroidManifest.xml:35:9-49:20
50            android:name="com.facebook.CustomTabActivity"
50-->[com.facebook.android:facebook-common:8.2.0] AndroidManifest.xml:36:13-58
51            android:exported="true" >
51-->[com.facebook.android:facebook-common:8.2.0] AndroidManifest.xml:37:13-36
52            <intent-filter>
52-->[com.facebook.android:facebook-common:8.2.0] AndroidManifest.xml:39:13-48:29
53                <action android:name="android.intent.action.VIEW" />
53-->[com.facebook.android:facebook-common:8.2.0] AndroidManifest.xml:40:17-69
53-->[com.facebook.android:facebook-common:8.2.0] AndroidManifest.xml:40:25-66
54
55                <category android:name="android.intent.category.DEFAULT" />
55-->[com.facebook.android:facebook-common:8.2.0] AndroidManifest.xml:42:17-76
55-->[com.facebook.android:facebook-common:8.2.0] AndroidManifest.xml:42:27-73
56                <category android:name="android.intent.category.BROWSABLE" />
56-->[com.facebook.android:facebook-common:8.2.0] AndroidManifest.xml:43:17-78
56-->[com.facebook.android:facebook-common:8.2.0] AndroidManifest.xml:43:27-75
57
58                <data
58-->[com.facebook.android:facebook-common:8.2.0] AndroidManifest.xml:45:17-47:50
59                    android:host="cct.com.angee.developdroidmarket"
59-->[com.facebook.android:facebook-common:8.2.0] AndroidManifest.xml:46:21-56
60                    android:scheme="fbconnect" />
60-->[com.facebook.android:facebook-common:8.2.0] AndroidManifest.xml:47:21-47
61            </intent-filter>
62        </activity>
63
64        <service
64-->[com.google.firebase:firebase-firestore-ktx:24.0.0] AndroidManifest.xml:12:9-18:19
65            android:name="com.google.firebase.components.ComponentDiscoveryService"
65-->[com.google.firebase:firebase-firestore-ktx:24.0.0] AndroidManifest.xml:13:13-84
66            android:directBootAware="true"
66-->[com.google.firebase:firebase-common:20.0.0] AndroidManifest.xml:35:13-43
67            android:exported="false" >
67-->[com.google.firebase:firebase-firestore-ktx:24.0.0] AndroidManifest.xml:14:13-37
68            <meta-data
68-->[com.google.firebase:firebase-firestore-ktx:24.0.0] AndroidManifest.xml:15:13-17:85
69                android:name="com.google.firebase.components:com.google.firebase.firestore.ktx.FirebaseFirestoreKtxRegistrar"
69-->[com.google.firebase:firebase-firestore-ktx:24.0.0] AndroidManifest.xml:16:17-126
70                android:value="com.google.firebase.components.ComponentRegistrar" />
70-->[com.google.firebase:firebase-firestore-ktx:24.0.0] AndroidManifest.xml:17:17-82
71            <meta-data
71-->[com.google.firebase:firebase-database-ktx:20.0.2] AndroidManifest.xml:15:13-17:85
72                android:name="com.google.firebase.components:com.google.firebase.database.ktx.FirebaseDatabaseKtxRegistrar"
72-->[com.google.firebase:firebase-database-ktx:20.0.2] AndroidManifest.xml:16:17-124
73                android:value="com.google.firebase.components.ComponentRegistrar" />
73-->[com.google.firebase:firebase-database-ktx:20.0.2] AndroidManifest.xml:17:17-82
74            <meta-data
74-->[com.google.firebase:firebase-analytics-ktx:20.0.0] AndroidManifest.xml:11:13-13:85
75                android:name="com.google.firebase.components:com.google.firebase.analytics.ktx.FirebaseAnalyticsKtxRegistrar"
75-->[com.google.firebase:firebase-analytics-ktx:20.0.0] AndroidManifest.xml:12:17-126
76                android:value="com.google.firebase.components.ComponentRegistrar" />
76-->[com.google.firebase:firebase-analytics-ktx:20.0.0] AndroidManifest.xml:13:17-82
77            <meta-data
77-->[com.google.firebase:firebase-auth-ktx:21.0.1] AndroidManifest.xml:11:13-13:85
78                android:name="com.google.firebase.components:com.google.firebase.auth.ktx.FirebaseAuthKtxRegistrar"
78-->[com.google.firebase:firebase-auth-ktx:21.0.1] AndroidManifest.xml:12:17-116
79                android:value="com.google.firebase.components.ComponentRegistrar" />
79-->[com.google.firebase:firebase-auth-ktx:21.0.1] AndroidManifest.xml:13:17-82
80            <meta-data
80-->[com.google.firebase:firebase-auth:21.0.1] AndroidManifest.xml:77:13-79:85
81                android:name="com.google.firebase.components:com.google.firebase.auth.FirebaseAuthRegistrar"
81-->[com.google.firebase:firebase-auth:21.0.1] AndroidManifest.xml:78:17-109
82                android:value="com.google.firebase.components.ComponentRegistrar" />
82-->[com.google.firebase:firebase-auth:21.0.1] AndroidManifest.xml:79:17-82
83            <meta-data
83-->[com.google.firebase:firebase-firestore:24.0.0] AndroidManifest.xml:20:13-22:85
84                android:name="com.google.firebase.components:com.google.firebase.firestore.FirestoreRegistrar"
84-->[com.google.firebase:firebase-firestore:24.0.0] AndroidManifest.xml:21:17-111
85                android:value="com.google.firebase.components.ComponentRegistrar" />
85-->[com.google.firebase:firebase-firestore:24.0.0] AndroidManifest.xml:22:17-82
86            <meta-data
86-->[com.google.firebase:firebase-common-ktx:20.0.0] AndroidManifest.xml:15:13-17:85
87                android:name="com.google.firebase.components:com.google.firebase.ktx.FirebaseCommonKtxRegistrar"
87-->[com.google.firebase:firebase-common-ktx:20.0.0] AndroidManifest.xml:16:17-113
88                android:value="com.google.firebase.components.ComponentRegistrar" />
88-->[com.google.firebase:firebase-common-ktx:20.0.0] AndroidManifest.xml:17:17-82
89            <meta-data
89-->[com.google.firebase:firebase-database:20.0.2] AndroidManifest.xml:32:13-34:85
90                android:name="com.google.firebase.components:com.google.firebase.database.DatabaseRegistrar"
90-->[com.google.firebase:firebase-database:20.0.2] AndroidManifest.xml:33:17-109
91                android:value="com.google.firebase.components.ComponentRegistrar" />
91-->[com.google.firebase:firebase-database:20.0.2] AndroidManifest.xml:34:17-82
92            <meta-data
92-->[com.google.android.gms:play-services-measurement-api:20.0.0] AndroidManifest.xml:30:13-32:85
93                android:name="com.google.firebase.components:com.google.firebase.analytics.connector.internal.AnalyticsConnectorRegistrar"
93-->[com.google.android.gms:play-services-measurement-api:20.0.0] AndroidManifest.xml:31:17-139
94                android:value="com.google.firebase.components.ComponentRegistrar" />
94-->[com.google.android.gms:play-services-measurement-api:20.0.0] AndroidManifest.xml:32:17-82
95            <meta-data
95-->[com.google.firebase:firebase-installations:17.0.0] AndroidManifest.xml:18:13-20:85
96                android:name="com.google.firebase.components:com.google.firebase.installations.FirebaseInstallationsRegistrar"
96-->[com.google.firebase:firebase-installations:17.0.0] AndroidManifest.xml:19:17-127
97                android:value="com.google.firebase.components.ComponentRegistrar" />
97-->[com.google.firebase:firebase-installations:17.0.0] AndroidManifest.xml:20:17-82
98        </service>
99
100        <activity
100-->[com.google.firebase:firebase-auth:21.0.1] AndroidManifest.xml:27:9-44:20
101            android:name="com.google.firebase.auth.internal.GenericIdpActivity"
101-->[com.google.firebase:firebase-auth:21.0.1] AndroidManifest.xml:28:13-80
102            android:excludeFromRecents="true"
102-->[com.google.firebase:firebase-auth:21.0.1] AndroidManifest.xml:29:13-46
103            android:exported="true"
103-->[com.google.firebase:firebase-auth:21.0.1] AndroidManifest.xml:30:13-36
104            android:launchMode="singleTask"
104-->[com.google.firebase:firebase-auth:21.0.1] AndroidManifest.xml:31:13-44
105            android:theme="@android:style/Theme.Translucent.NoTitleBar" >
105-->[com.google.firebase:firebase-auth:21.0.1] AndroidManifest.xml:32:13-72
106            <intent-filter>
106-->[com.google.firebase:firebase-auth:21.0.1] AndroidManifest.xml:33:13-43:29
107                <action android:name="android.intent.action.VIEW" />
107-->[com.facebook.android:facebook-common:8.2.0] AndroidManifest.xml:40:17-69
107-->[com.facebook.android:facebook-common:8.2.0] AndroidManifest.xml:40:25-66
108
109                <category android:name="android.intent.category.DEFAULT" />
109-->[com.facebook.android:facebook-common:8.2.0] AndroidManifest.xml:42:17-76
109-->[com.facebook.android:facebook-common:8.2.0] AndroidManifest.xml:42:27-73
110                <category android:name="android.intent.category.BROWSABLE" />
110-->[com.facebook.android:facebook-common:8.2.0] AndroidManifest.xml:43:17-78
110-->[com.facebook.android:facebook-common:8.2.0] AndroidManifest.xml:43:27-75
111
112                <data
112-->[com.facebook.android:facebook-common:8.2.0] AndroidManifest.xml:45:17-47:50
113                    android:host="firebase.auth"
113-->[com.facebook.android:facebook-common:8.2.0] AndroidManifest.xml:46:21-56
114                    android:path="/"
115                    android:scheme="genericidp" />
115-->[com.facebook.android:facebook-common:8.2.0] AndroidManifest.xml:47:21-47
116            </intent-filter>
117        </activity>
118        <activity
118-->[com.google.firebase:firebase-auth:21.0.1] AndroidManifest.xml:45:9-62:20
119            android:name="com.google.firebase.auth.internal.RecaptchaActivity"
119-->[com.google.firebase:firebase-auth:21.0.1] AndroidManifest.xml:46:13-79
120            android:excludeFromRecents="true"
120-->[com.google.firebase:firebase-auth:21.0.1] AndroidManifest.xml:47:13-46
121            android:exported="true"
121-->[com.google.firebase:firebase-auth:21.0.1] AndroidManifest.xml:48:13-36
122            android:launchMode="singleTask"
122-->[com.google.firebase:firebase-auth:21.0.1] AndroidManifest.xml:49:13-44
123            android:theme="@android:style/Theme.Translucent.NoTitleBar" >
123-->[com.google.firebase:firebase-auth:21.0.1] AndroidManifest.xml:50:13-72
124            <intent-filter>
124-->[com.google.firebase:firebase-auth:21.0.1] AndroidManifest.xml:51:13-61:29
125                <action android:name="android.intent.action.VIEW" />
125-->[com.facebook.android:facebook-common:8.2.0] AndroidManifest.xml:40:17-69
125-->[com.facebook.android:facebook-common:8.2.0] AndroidManifest.xml:40:25-66
126
127                <category android:name="android.intent.category.DEFAULT" />
127-->[com.facebook.android:facebook-common:8.2.0] AndroidManifest.xml:42:17-76
127-->[com.facebook.android:facebook-common:8.2.0] AndroidManifest.xml:42:27-73
128                <category android:name="android.intent.category.BROWSABLE" />
128-->[com.facebook.android:facebook-common:8.2.0] AndroidManifest.xml:43:17-78
128-->[com.facebook.android:facebook-common:8.2.0] AndroidManifest.xml:43:27-75
129
130                <data
130-->[com.facebook.android:facebook-common:8.2.0] AndroidManifest.xml:45:17-47:50
131                    android:host="firebase.auth"
131-->[com.facebook.android:facebook-common:8.2.0] AndroidManifest.xml:46:21-56
132                    android:path="/"
133                    android:scheme="recaptcha" />
133-->[com.facebook.android:facebook-common:8.2.0] AndroidManifest.xml:47:21-47
134            </intent-filter>
135        </activity>
136
137        <service
137-->[com.google.firebase:firebase-auth:21.0.1] AndroidManifest.xml:64:9-73:19
138            android:name="com.google.firebase.auth.api.fallback.service.FirebaseAuthFallbackService"
138-->[com.google.firebase:firebase-auth:21.0.1] AndroidManifest.xml:65:13-101
139            android:enabled="true"
139-->[com.google.firebase:firebase-auth:21.0.1] AndroidManifest.xml:66:13-35
140            android:exported="false" >
140-->[com.google.firebase:firebase-auth:21.0.1] AndroidManifest.xml:67:13-37
141            <intent-filter>
141-->[com.google.firebase:firebase-auth:21.0.1] AndroidManifest.xml:68:13-72:29
142                <action android:name="com.google.firebase.auth.api.gms.service.START" />
142-->[com.google.firebase:firebase-auth:21.0.1] AndroidManifest.xml:69:17-89
142-->[com.google.firebase:firebase-auth:21.0.1] AndroidManifest.xml:69:25-86
143
144                <category android:name="android.intent.category.DEFAULT" />
144-->[com.facebook.android:facebook-common:8.2.0] AndroidManifest.xml:42:17-76
144-->[com.facebook.android:facebook-common:8.2.0] AndroidManifest.xml:42:27-73
145            </intent-filter>
146        </service>
147
148        <activity
148-->[com.google.android.gms:play-services-auth:17.0.0] AndroidManifest.xml:23:9-27:75
149            android:name="com.google.android.gms.auth.api.signin.internal.SignInHubActivity"
149-->[com.google.android.gms:play-services-auth:17.0.0] AndroidManifest.xml:24:13-93
150            android:excludeFromRecents="true"
150-->[com.google.android.gms:play-services-auth:17.0.0] AndroidManifest.xml:25:13-46
151            android:exported="false"
151-->[com.google.android.gms:play-services-auth:17.0.0] AndroidManifest.xml:26:13-37
152            android:theme="@android:style/Theme.Translucent.NoTitleBar" />
152-->[com.google.android.gms:play-services-auth:17.0.0] AndroidManifest.xml:27:13-72
153        <!--
154            Service handling Google Sign-In user revocation. For apps that do not integrate with
155            Google Sign-In, this service will never be started.
156        -->
157        <service
157-->[com.google.android.gms:play-services-auth:17.0.0] AndroidManifest.xml:33:9-36:110
158            android:name="com.google.android.gms.auth.api.signin.RevocationBoundService"
158-->[com.google.android.gms:play-services-auth:17.0.0] AndroidManifest.xml:34:13-89
159            android:exported="true"
159-->[com.google.android.gms:play-services-auth:17.0.0] AndroidManifest.xml:35:13-36
160            android:permission="com.google.android.gms.auth.api.signin.permission.REVOCATION_NOTIFICATION" />
160-->[com.google.android.gms:play-services-auth:17.0.0] AndroidManifest.xml:36:13-107
161
162        <provider
162-->[com.google.firebase:firebase-common:20.0.0] AndroidManifest.xml:26:9-31:39
163            android:name="com.google.firebase.provider.FirebaseInitProvider"
163-->[com.google.firebase:firebase-common:20.0.0] AndroidManifest.xml:27:13-77
164            android:authorities="com.angee.developdroidmarket.firebaseinitprovider"
164-->[com.google.firebase:firebase-common:20.0.0] AndroidManifest.xml:28:13-72
165            android:directBootAware="true"
165-->[com.google.firebase:firebase-common:20.0.0] AndroidManifest.xml:29:13-43
166            android:exported="false"
166-->[com.google.firebase:firebase-common:20.0.0] AndroidManifest.xml:30:13-37
167            android:initOrder="100" />
167-->[com.google.firebase:firebase-common:20.0.0] AndroidManifest.xml:31:13-36
168
169        <activity
169-->[com.google.android.gms:play-services-base:17.1.0] AndroidManifest.xml:23:9-26:75
170            android:name="com.google.android.gms.common.api.GoogleApiActivity"
170-->[com.google.android.gms:play-services-base:17.1.0] AndroidManifest.xml:24:13-79
171            android:exported="false"
171-->[com.google.android.gms:play-services-base:17.1.0] AndroidManifest.xml:25:13-37
172            android:theme="@android:style/Theme.Translucent.NoTitleBar" />
172-->[com.google.android.gms:play-services-base:17.1.0] AndroidManifest.xml:26:13-72
173
174        <receiver
174-->[com.google.android.gms:play-services-measurement:20.0.0] AndroidManifest.xml:29:9-33:20
175            android:name="com.google.android.gms.measurement.AppMeasurementReceiver"
175-->[com.google.android.gms:play-services-measurement:20.0.0] AndroidManifest.xml:30:13-85
176            android:enabled="true"
176-->[com.google.android.gms:play-services-measurement:20.0.0] AndroidManifest.xml:31:13-35
177            android:exported="false" >
177-->[com.google.android.gms:play-services-measurement:20.0.0] AndroidManifest.xml:32:13-37
178        </receiver>
179
180        <service
180-->[com.google.android.gms:play-services-measurement:20.0.0] AndroidManifest.xml:35:9-38:40
181            android:name="com.google.android.gms.measurement.AppMeasurementService"
181-->[com.google.android.gms:play-services-measurement:20.0.0] AndroidManifest.xml:36:13-84
182            android:enabled="true"
182-->[com.google.android.gms:play-services-measurement:20.0.0] AndroidManifest.xml:37:13-35
183            android:exported="false" />
183-->[com.google.android.gms:play-services-measurement:20.0.0] AndroidManifest.xml:38:13-37
184        <service
184-->[com.google.android.gms:play-services-measurement:20.0.0] AndroidManifest.xml:39:9-43:72
185            android:name="com.google.android.gms.measurement.AppMeasurementJobService"
185-->[com.google.android.gms:play-services-measurement:20.0.0] AndroidManifest.xml:40:13-87
186            android:enabled="true"
186-->[com.google.android.gms:play-services-measurement:20.0.0] AndroidManifest.xml:41:13-35
187            android:exported="false"
187-->[com.google.android.gms:play-services-measurement:20.0.0] AndroidManifest.xml:42:13-37
188            android:permission="android.permission.BIND_JOB_SERVICE" />
188-->[com.google.android.gms:play-services-measurement:20.0.0] AndroidManifest.xml:43:13-69
189
190        <meta-data
190-->[com.google.android.gms:play-services-basement:17.1.0] AndroidManifest.xml:23:9-25:69
191            android:name="com.google.android.gms.version"
191-->[com.google.android.gms:play-services-basement:17.1.0] AndroidManifest.xml:24:13-58
192            android:value="@integer/google_play_services_version" />
192-->[com.google.android.gms:play-services-basement:17.1.0] AndroidManifest.xml:25:13-66
193        <!--
194         The initialization ContentProvider will call FacebookSdk.sdkInitialize automatically
195         with the application context. This config is merged in with the host app's manifest,
196         but there can only be one provider with the same authority activated at any given
197         point; so if the end user has two or more different apps that use Facebook SDK, only the
198         first one will be able to use the provider. To work around this problem, we use the
199         following placeholder in the authority to identify each host application as if it was
200         a completely different provider.
201        -->
202        <provider
202-->[com.facebook.android:facebook-core:8.2.0] AndroidManifest.xml:39:9-42:40
203            android:name="com.facebook.internal.FacebookInitProvider"
203-->[com.facebook.android:facebook-core:8.2.0] AndroidManifest.xml:40:13-70
204            android:authorities="com.angee.developdroidmarket.FacebookInitProvider"
204-->[com.facebook.android:facebook-core:8.2.0] AndroidManifest.xml:41:13-72
205            android:exported="false" />
205-->[com.facebook.android:facebook-core:8.2.0] AndroidManifest.xml:42:13-37
206
207        <receiver
207-->[com.facebook.android:facebook-core:8.2.0] AndroidManifest.xml:44:9-50:20
208            android:name="com.facebook.CurrentAccessTokenExpirationBroadcastReceiver"
208-->[com.facebook.android:facebook-core:8.2.0] AndroidManifest.xml:45:13-86
209            android:exported="false" >
209-->[com.facebook.android:facebook-core:8.2.0] AndroidManifest.xml:46:13-37
210            <intent-filter>
210-->[com.facebook.android:facebook-core:8.2.0] AndroidManifest.xml:47:13-49:29
211                <action android:name="com.facebook.sdk.ACTION_CURRENT_ACCESS_TOKEN_CHANGED" />
211-->[com.facebook.android:facebook-core:8.2.0] AndroidManifest.xml:48:17-95
211-->[com.facebook.android:facebook-core:8.2.0] AndroidManifest.xml:48:25-92
212            </intent-filter>
213        </receiver>
214    </application>
215
216</manifest>